Arguments: 
  /home/pm/.nvm/versions/node/v12.16.2/bin/node /home/pm/.yarn/bin/yarn.js upgrade

PATH: 
  /home/pm/gems/bin:/home/pm/.yarn/bin:/home/pm/.config/yarn/global/node_modules/.bin:/home/pm/.nvm/versions/node/v12.16.2/bin:/usr/local/sbin:/usr/local/bin:/usr/sbin:/usr/bin:/sbin:/bin:/usr/games:/usr/local/games:/mnt/c/Python39/Scripts/:/mnt/c/Python39/:/mnt/c/windows/system32:/mnt/c/windows:/mnt/c/windows/System32/Wbem:/mnt/c/windows/System32/WindowsPowerShell/v1.0/:/mnt/c/windows/System32/OpenSSH/:/mnt/c/Program Files (x86)/NVIDIA Corporation/PhysX/Common:/mnt/c/Program Files/NVIDIA Corporation/NVIDIA NvDLISR:/mnt/c/WINDOWS/system32:/mnt/c/WINDOWS:/mnt/c/WINDOWS/System32/Wbem:/mnt/c/WINDOWS/System32/WindowsPowerShell/v1.0/:/mnt/c/WINDOWS/System32/OpenSSH/:/mnt/c/Program Files/nodejs/:/mnt/c/ProgramData/chocolatey/bin:/mnt/c/Program Files/Git/cmd:/mnt/c/Users/psnoo/AppData/Local/Microsoft/WindowsApps:/mnt/c/Users/psnoo/AppData/Local/Programs/Microsoft VS Code/bin:/mnt/c/Users/psnoo/AppData/Roaming/npm

Yarn version: 
  1.22.4

Node version: 
  12.16.2

Platform: 
  linux x64

Trace: 
  Error: getaddrinfo EAI_AGAIN registry.yarnpkg.com
      at GetAddrInfoReqWrap.onlookup [as oncomplete] (dns.js:64:26)

npm manifest: 
  {
    "name": "create-jekyll-project",
    "version": "1.0.0",
    "description": "⚡ A generator to kickstart your Jekyll project in a few seconds!",
    "main": "index.js",
    "author": "SnoozleStudio <info@snoozle.studio> (https://www.snoozle.studio)",
    "license": "MIT",
    "private": false,
    "dependencies": {
      "@fortawesome/fontawesome-free": "^5.13.0"
    }
  }

yarn manifest: 
  No manifest

Lockfile: 
  # THIS IS AN AUTOGENERATED FILE. DO NOT EDIT THIS FILE DIRECTLY.
  # yarn lockfile v1
  
  
  "@fortawesome/fontawesome-free@^5.13.0":
    version "5.13.0"
    resolved "https://registry.yarnpkg.com/@fortawesome/fontawesome-free/-/fontawesome-free-5.13.0.tgz#fcb113d1aca4b471b709e8c9c168674fbd6e06d9"
    integrity sha512-xKOeQEl5O47GPZYIMToj6uuA2syyFlq9EMSl2ui0uytjY9xbe8XS0pexNWmxrdcCyNGyDmLyYw5FtKsalBUeOg==
